sample.interval=20000
"FUN" "lapply" "unlist" "unique" "findLocalsList1" "FUN" "lapply" "unlist" "unique" "findLocalsList1" "FUN" "lapply" "unlist" "unique" "findLocalsList1" "unique" "FUN" "lapply" "unlist" "unique" "findLocalsList1" "FUN" "lapply" "unlist" "unique" "findLocalsList1" "findLocalsList" "funEnv" "make.functionContext" "cmpfun" "doTryCatch" "tryCatchOne" "tryCatchList" "tryCatch" "compiler:::tryCmpfun" "make_comb_mat_from_matrix" "make_comb_mat" 
"parent.env" "findCenvVar" "getInlineInfo" "tryInline" "cmpCall" "cmp" "h" "tryInline" "cmpCall" "cmp" "h" "tryInline" "cmpCall" "cmp" "h" "tryInline" "cmpCall" "cmp" "genCode" "h" "tryInline" "cmpCall" "cmp" "genCode" "cb$putconst" "cmpCallArgs" "cmpCallSymFun" "cmpCall" "cmp" "cmpSymbolAssign" "h" "tryInline" "cmpCall" "cmp" "h" "tryInline" "cmpCall" "cmp" "h" "tryInline" "cmpCall" "cmp" "h" "tryInline" "cmpCall" "cmp" "h" "tryInline" "cmpCall" "cmp" "genCode" "cmpfun" "doTryCatch" "tryCatchOne" "tryCatchList" "tryCatch" "compiler:::tryCmpfun" "make_comb_mat_from_matrix" "make_comb_mat" 
"exists" "findCenvVar" "findLocVar" "cmpCall" "cmp" "genCode" "cb$putconst" "cmpCallArgs" "cmpCallSymFun" "cmpCall" "cmp" "cmpSymbolAssign" "h" "tryInline" "cmpCall" "cmp" "h" "tryInline" "cmpCall" "cmp" "genCode" "cmpfun" "doTryCatch" "tryCatchOne" "tryCatchList" "tryCatch" "compiler:::tryCmpfun" "make_comb_mat_from_matrix" "make_comb_mat" 
"parent.env" "findCenvVar" "getInlineInfo" "tryInline" "cmpCall" "cmp" "cmpForBody" "h" "tryInline" "cmpCall" "cmp" "h" "tryInline" "cmpCall" "cmp" "cmpForBody" "h" "tryInline" "cmpCall" "cmp" "h" "tryInline" "cmpCall" "cmp" "h" "tryInline" "cmpCall" "cmp" "h" "tryInline" "cmpCall" "cmp" "h" "tryInline" "cmpCall" "cmp" "h" "tryInline" "cmpCall" "cmp" "genCode" "cmpfun" "doTryCatch" "tryCatchOne" "tryCatchList" "tryCatch" "compiler:::tryCmpfun" "make_comb_mat_from_matrix" "make_comb_mat" 
"cmpPrim2" "h" "tryInline" "cmpCall" "cmp" "cmpPrim2" "h" "tryInline" "cmpCall" "cmp" "cmpComplexAssign" "h" "tryInline" "cmpCall" "cmp" "h" "tryInline" "cmpCall" "cmp" "cmpForBody" "h" "tryInline" "cmpCall" "cmp" "h" "tryInline" "cmpCall" "cmp" "cmpForBody" "h" "tryInline" "cmpCall" "cmp" "h" "tryInline" "cmpCall" "cmp" "h" "tryInline" "cmpCall" "cmp" "h" "tryInline" "cmpCall" "cmp" "h" "tryInline" "cmpCall" "cmp" "h" "tryInline" "cmpCall" "cmp" "h" "tryInline" "cmpCall" "cmp" "genCode" "cmpfun" "doTryCatch" "tryCatchOne" "tryCatchList" "tryCatch" "compiler:::tryCmpfun" "make_comb_mat_from_matrix" "make_comb_mat" 
"apply" "unique.matrix" "unique" "standardGeneric" "unique" "make_comb_mat_from_matrix" "make_comb_mat" 
"paste" "FUN" "apply" "unique.matrix" "unique" "standardGeneric" "unique" "make_comb_mat_from_matrix" "make_comb_mat" 
"apply" "unique.matrix" "unique" "standardGeneric" "unique" "make_comb_mat_from_matrix" "make_comb_mat" 
"exists" "findCenvVar" "getInlineInfo" "isBaseVar" "getFoldFun" "constantFoldCall" "constantFold" "constantFoldCall" "constantFold" "cmp" "cmpPrim2" "h" "tryInline" "cmpCall" "cmp" "cmpPrim2" "h" "tryInline" "cmpCall" "cmp" "cmpBuiltinArgs" "h" "tryInline" "cmpCall" "cmp" "h" "tryInline" "cmpCall" "cmp" "genCode" "cmpfun" "doTryCatch" "tryCatchOne" "tryCatchList" "tryCatch" "compiler:::tryCmpfun" "FUN" "apply" "make_comb_mat_from_matrix" "make_comb_mat" 
"apply" "eval" "eval" "standardGeneric" "eval" "standardGeneric" "table" "make_comb_mat_from_matrix" "make_comb_mat" 
"rev" "standardGeneric" "rev" "FUN" "apply" "eval" "eval" "standardGeneric" "eval" "standardGeneric" "table" "make_comb_mat_from_matrix" "make_comb_mat" 
"apply" "eval" "eval" "standardGeneric" "eval" "standardGeneric" "table" "make_comb_mat_from_matrix" "make_comb_mat" 
"make_comb_mat_from_matrix" "make_comb_mat" 
"make_comb_mat_from_matrix" "make_comb_mat" 
"make_comb_mat_from_matrix" "make_comb_mat" 
"make_comb_mat_from_matrix" "make_comb_mat" 
"make_comb_mat_from_matrix" "make_comb_mat" 
"make_comb_mat_from_matrix" "make_comb_mat" 
"make_comb_mat_from_matrix" "make_comb_mat" 
"make_comb_mat_from_matrix" "make_comb_mat" 
"paste" "FUN" "apply" "unique.matrix" "unique" "standardGeneric" "unique" "make_comb_mat_from_matrix" "make_comb_mat" 
"apply" "unique.matrix" "unique" "standardGeneric" "unique" "make_comb_mat_from_matrix" "make_comb_mat" 
"paste" "FUN" "apply" "unique.matrix" "unique" "standardGeneric" "unique" "make_comb_mat_from_matrix" "make_comb_mat" 
"paste" "FUN" "apply" "unique.matrix" "unique" "standardGeneric" "unique" "make_comb_mat_from_matrix" "make_comb_mat" 
"paste" "FUN" "apply" "unique.matrix" "unique" "standardGeneric" "unique" "make_comb_mat_from_matrix" "make_comb_mat" 
"apply" "unique.matrix" "unique" "standardGeneric" "unique" "make_comb_mat_from_matrix" "make_comb_mat" 
"apply" "unique.matrix" "unique" "standardGeneric" "unique" "make_comb_mat_from_matrix" "make_comb_mat" 
"apply" "unique.matrix" "unique" "standardGeneric" "unique" "make_comb_mat_from_matrix" "make_comb_mat" 
"apply" "unique.matrix" "unique" "standardGeneric" "unique" "make_comb_mat_from_matrix" "make_comb_mat" 
"apply" "unique.matrix" "unique" "standardGeneric" "unique" "make_comb_mat_from_matrix" "make_comb_mat" 
"apply" "unique.matrix" "unique" "standardGeneric" "unique" "make_comb_mat_from_matrix" "make_comb_mat" 
"apply" "unique.matrix" "unique" "standardGeneric" "unique" "make_comb_mat_from_matrix" "make_comb_mat" 
"apply" "unique.matrix" "unique" "standardGeneric" "unique" "make_comb_mat_from_matrix" "make_comb_mat" 
"apply" "unique.matrix" "unique" "standardGeneric" "unique" "make_comb_mat_from_matrix" "make_comb_mat" 
"apply" "unique.matrix" "unique" "standardGeneric" "unique" "make_comb_mat_from_matrix" "make_comb_mat" 
"paste" "FUN" "apply" "unique.matrix" "unique" "standardGeneric" "unique" "make_comb_mat_from_matrix" "make_comb_mat" 
"apply" "unique.matrix" "unique" "standardGeneric" "unique" "make_comb_mat_from_matrix" "make_comb_mat" 
"apply" "unique.matrix" "unique" "standardGeneric" "unique" "make_comb_mat_from_matrix" "make_comb_mat" 
"apply" "eval" "eval" "standardGeneric" "eval" "standardGeneric" "table" "make_comb_mat_from_matrix" "make_comb_mat" 
"FUN" "apply" "eval" "eval" "standardGeneric" "eval" "standardGeneric" "table" "make_comb_mat_from_matrix" "make_comb_mat" 
"apply" "eval" "eval" "standardGeneric" "eval" "standardGeneric" "table" "make_comb_mat_from_matrix" "make_comb_mat" 
"rev" "standardGeneric" "rev" "FUN" "apply" "eval" "eval" "standardGeneric" "eval" "standardGeneric" "table" "make_comb_mat_from_matrix" "make_comb_mat" 
"rev" "standardGeneric" "rev" "FUN" "apply" "eval" "eval" "standardGeneric" "eval" "standardGeneric" "table" "make_comb_mat_from_matrix" "make_comb_mat" 
"rev" "FUN" "apply" "eval" "eval" "standardGeneric" "eval" "standardGeneric" "table" "make_comb_mat_from_matrix" "make_comb_mat" 
"FUN" "apply" "eval" "eval" "standardGeneric" "eval" "standardGeneric" "table" "make_comb_mat_from_matrix" "make_comb_mat" 
"apply" "eval" "eval" "standardGeneric" "eval" "standardGeneric" "table" "make_comb_mat_from_matrix" "make_comb_mat" 
"standardGeneric" "rev" "FUN" "apply" "eval" "eval" "standardGeneric" "eval" "standardGeneric" "table" "make_comb_mat_from_matrix" "make_comb_mat" 
"apply" "eval" "eval" "standardGeneric" "eval" "standardGeneric" "table" "make_comb_mat_from_matrix" "make_comb_mat" 
"FUN" "apply" "eval" "eval" "standardGeneric" "eval" "standardGeneric" "table" "make_comb_mat_from_matrix" "make_comb_mat" 
"apply" "eval" "eval" "standardGeneric" "eval" "standardGeneric" "table" "make_comb_mat_from_matrix" "make_comb_mat" 
"apply" "eval" "eval" "standardGeneric" "eval" "standardGeneric" "table" "make_comb_mat_from_matrix" "make_comb_mat" 
"apply" "eval" "eval" "standardGeneric" "eval" "standardGeneric" "table" "make_comb_mat_from_matrix" "make_comb_mat" 
"rev" "standardGeneric" "rev" "FUN" "apply" "eval" "eval" "standardGeneric" "eval" "standardGeneric" "table" "make_comb_mat_from_matrix" "make_comb_mat" 
"rev" "standardGeneric" "rev" "FUN" "apply" "eval" "eval" "standardGeneric" "eval" "standardGeneric" "table" "make_comb_mat_from_matrix" "make_comb_mat" 
"standardGeneric" "rev" "FUN" "apply" "eval" "eval" "standardGeneric" "eval" "standardGeneric" "table" "make_comb_mat_from_matrix" "make_comb_mat" 
"apply" "eval" "eval" "standardGeneric" "eval" "standardGeneric" "table" "make_comb_mat_from_matrix" "make_comb_mat" 
"apply" "eval" "eval" "standardGeneric" "eval" "standardGeneric" "table" "make_comb_mat_from_matrix" "make_comb_mat" 
"rev" "standardGeneric" "rev" "FUN" "apply" "eval" "eval" "standardGeneric" "eval" "standardGeneric" "table" "make_comb_mat_from_matrix" "make_comb_mat" 
"rev" "FUN" "apply" "eval" "eval" "standardGeneric" "eval" "standardGeneric" "table" "make_comb_mat_from_matrix" "make_comb_mat" 
"apply" "eval" "eval" "standardGeneric" "eval" "standardGeneric" "table" "make_comb_mat_from_matrix" "make_comb_mat" 
"apply" "eval" "eval" "standardGeneric" "eval" "standardGeneric" "table" "make_comb_mat_from_matrix" "make_comb_mat" 
"apply" "eval" "eval" "standardGeneric" "eval" "standardGeneric" "table" "make_comb_mat_from_matrix" "make_comb_mat" 
"rev" "standardGeneric" "rev" "FUN" "apply" "eval" "eval" "standardGeneric" "eval" "standardGeneric" "table" "make_comb_mat_from_matrix" "make_comb_mat" 
"rev" "FUN" "apply" "eval" "eval" "standardGeneric" "eval" "standardGeneric" "table" "make_comb_mat_from_matrix" "make_comb_mat" 
"apply" "eval" "eval" "standardGeneric" "eval" "standardGeneric" "table" "make_comb_mat_from_matrix" "make_comb_mat" 
"rev.default" "rev" "standardGeneric" "rev" "FUN" "apply" "eval" "eval" "standardGeneric" "eval" "standardGeneric" "table" "make_comb_mat_from_matrix" "make_comb_mat" 
"as.character" "factor" "base::table" "table" "eval" "eval" "standardGeneric" "eval" "standardGeneric" "table" "make_comb_mat_from_matrix" "make_comb_mat" 
"is.factor" "unique.default" "FUN" "lapply" "summaryRprof" 
